       WH_had_PTJET1_GT200_hgg
       WH_had_REST_hgg
       WH_had_VBFTOPO_JET3VETO_hgg
       WH_had_VBFTOPO_JET3_hgg
       WH_had_VH2JET_hgg
       WH_lep_PTV_0_150_hgg
       WH_lep_PTV_150_250_0J_hgg
       WH_lep_PTV_150_250_GE1J_hgg
       WH_lep_PTV_GT250_hgg
       ZH_had_PTJET1_GT200_hgg
       ZH_had_REST_hgg
       ZH_had_VBFTOPO_JET3_hgg
       ZH_had_VH2JET_hgg
       ZH_lep_PTV_0_150_hgg
       ZH_lep_PTV_150_250_0J_hgg
       ZH_lep_PTV_150_250_GE1J_hgg
       ZH_lep_PTV_GT250_hgg
       bbH_hgg
       ggH_0J_hgg
       ggH_1J_PTH_0_60_hgg
       ggH_1J_PTH_120_200_hgg
       ggH_1J_PTH_60_120_hgg
       ggH_1J_PTH_GT200_hgg
       ggH_GE2J_PTH_0_60_hgg
       ggH_GE2J_PTH_120_200_hgg
       ggH_GE2J_PTH_60_120_hgg
       ggH_GE2J_PTH_GT200_hgg
       ggH_VBFTOPO_JET3VETO_hgg
       ggH_VBFTOPO_JET3_hgg
       ggZH_hgg
       qqH_PTJET1_GT200_hgg
       qqH_REST_hgg
       qqH_VBFTOPO_JET3VETO_hgg
       qqH_VBFTOPO_JET3_hgg
       qqH_VH2JET_hgg
       tHW_hgg
       tHq_hgg
       ttH_hgg
>> signal processes after renaming in channel  hmm
       WMinusH_hmm
       WPlusH_hmm
       ZH_hmm
       ggH_hmm
       qqH_hmm
       ttH_hmm
>> signal processes after renaming in channel  htt
       ggH_htt_htt
       qqH_htt_htt
>> signal processes after renaming in channel  hww
       WH_had_fwd_htt
       WH_had_fwd_hww
       WH_had_htt
       WH_had_hww
       WH_lep_fwd_htt
       WH_lep_fwd_hww
       WH_lep_htt
       WH_lep_hww
       ZH_had_fwd_htt
       ZH_had_fwd_hww
       ZH_had_htt
       ZH_had_hww
       ZH_lep_fwd_htt
       ZH_lep_fwd_hww
       ZH_lep_htt
       ZH_lep_hww
       bbH_fwd_hww
       bbH_hww
       ggH_fwd_htt
       ggH_fwd_hww
       ggH_htt
       ggH_hww
       ggZH_lep_fwd_hww
       ggZH_lep_hww
       qqH_fwd_htt
       qqH_fwd_hww
       qqH_htt
       qqH_hww
       ttH_fwd_hww
       ttH_hww
>> signal processes after renaming in channel  hzz
       VH_had_VBFori_hzz
       VH_had_hzz
       VH_lep_PTV_0_150_hzz
       VH_lep_PTV_GT150_hzz
       bbH_hzz
       ggH_0J_PTH_0_10_hzz
       ggH_0J_PTH_10_200_hzz
       ggH_1J_PTH_0_60_hzz
       ggH_1J_PTH_120_200_hzz
       ggH_1J_PTH_60_120_hzz
       ggH_2J_PTH_0_60_hzz
       ggH_2J_PTH_120_200_hzz
       ggH_2J_PTH_60_120_hzz
       ggH_PTH_GT200_hzz
       ggH_VBF_hzz
       qqH_2j_mjj_350_700_2j_hzz
       qqH_2j_mjj_GT350_3j_hzz
       qqH_2j_mjj_GT700_2j_hzz
       qqH_GT200_VHori_hzz
       qqH_GT200_hzz
       qqH_Rest_VHori_hzz
       qqH_Rest_hzz
       tH_hzz
       ttH_hzz
>> signal processes after renaming in channel  tth_hbb
       ttH_hbb
       ttH_hcc
       ttH_hgg
       ttH_hgluglu
       ttH_htt
       ttH_hww
       ttH_hzg
       ttH_hzz
>> signal processes after renaming in channel  tth_hgg
       WH_had_hgg
       WH_lep_hgg
       ZH_had_hgg
       ZH_lep_hgg
       bbH_hgg
       ggH_hgg
       qqH_hgg
       tHW_hgg
       tHq_hgg
       ttH_hgg
>> signal processes after renaming in channel  tth_multilepton
       ttH_faketau_htt
       ttH_faketau_hww
       ttH_faketau_hzz
       ttH_gentau_htt
       ttH_gentau_hww
       ttH_gentau_hzz
       ttH_hmm
       ttH_htt
       ttH_hww
       ttH_hzg
       ttH_hzz
>> signal processes after renaming in channel  vhbb
       WH_lep_hbb
       ZH_lep_hbb
       ggZH_lep_hbb
>> signal processes after renaming in channel  vhbb2017
       WH_lep_hbb
       ZH_lep_hbb
       ggZH_lep_hbb
